build/app/intermediates/manifest_merge_blame_file/debug/manifest-merger-blame-debug-report.txt
1<?xml version="1.0" encoding="utf-8"?>
2<manifest xmlns:android="http://schemas.android.com/apk/res/android"
3    package="com.UEvenetTest.UEvent"
4    android:versionCode="1"
5    android:versionName="1.0.0" >
6
7    <uses-sdk
8        android:minSdkVersion="21"
9        android:targetSdkVersion="28" />
10    <!--
11         Flutter needs it to communicate with the running application
12         to allow setting breakpoints, to provide hot reload, etc.
13    -->
14    <uses-permission android:name="android.permission.INTERNET" />
14-->src\debug\AndroidManifest.xml:6:5-66
14-->src\debug\AndroidManifest.xml:6:22-64
15    <uses-permission android:name="android.permission.READ_EXTERNAL_STORAGE" />
15-->[:image_picker] AndroidManifest.xml:7:5-80
15-->[:image_picker] AndroidManifest.xml:7:22-77
16    <uses-permission android:name="android.permission.WRITE_EXTERNAL_STORAGE" />
16-->[:image_picker] AndroidManifest.xml:8:5-81
16-->[:image_picker] AndroidManifest.xml:8:22-78
17    <uses-permission android:name="android.permission.ACCESS_NETWORK_STATE" />
17-->[com.firebaseui:firebase-ui-auth:6.2.0] AndroidManifest.xml:12:5-79
17-->[com.firebaseui:firebase-ui-auth:6.2.0] AndroidManifest.xml:12:22-76
18    <!--
19 io.flutter.app.FlutterApplication is an android.app.Application that
20         calls FlutterMain.startInitialization(this); in its onCreate method.
21         In most cases you can leave this as-is, but you if you want to provide
22         additional functionality it is fine to subclass or reimplement
23         FlutterApplication and put your custom class here.
24    -->
25    <application
25-->src\main\AndroidManifest.xml:8:5-29:19
26        android:name="io.flutter.app.FlutterApplication"
26-->src\main\AndroidManifest.xml:9:9-57
27        android:appComponentFactory="androidx.core.app.CoreComponentFactory"
27-->[androidx.core:core:1.1.0] AndroidManifest.xml:24:18-86
28        android:debuggable="true"
29        android:icon="@mipmap/ic_launcher"
29-->src\main\AndroidManifest.xml:11:9-43
30        android:label="uevents" >
30-->src\main\AndroidManifest.xml:10:9-32
31        <activity
31-->src\main\AndroidManifest.xml:12:9-23:20
32            android:name="com.example.uevents.MainActivity"
32-->src\main\AndroidManifest.xml:13:13-41
33            android:configChanges="orientation|keyboardHidden|keyboard|screenSize|smallestScreenSize|locale|layoutDirection|fontScale|screenLayout|density|uiMode"
33-->src\main\AndroidManifest.xml:16:13-163
34            android:hardwareAccelerated="true"
34-->src\main\AndroidManifest.xml:17:13-47
35            android:launchMode="singleTop"
35-->src\main\AndroidManifest.xml:14:13-43
36            android:theme="@style/LaunchTheme"
36-->src\main\AndroidManifest.xml:15:13-47
37            android:windowSoftInputMode="adjustResize" >
37-->src\main\AndroidManifest.xml:18:13-55
38            <intent-filter>
38-->src\main\AndroidManifest.xml:19:13-22:29
39                <action android:name="android.intent.action.MAIN" />
39-->src\main\AndroidManifest.xml:20:17-68
39-->src\main\AndroidManifest.xml:20:25-66
40
41                <category android:name="android.intent.category.LAUNCHER" />
41-->src\main\AndroidManifest.xml:21:17-76
41-->src\main\AndroidManifest.xml:21:27-74
42            </intent-filter>
43        </activity>
44        <!--
45             Don't delete the meta-data below.
46             This is used by the Flutter tool to generate GeneratedPluginRegistrant.java
47        -->
48        <meta-data
48-->src\main\AndroidManifest.xml:26:9-28:33
49            android:name="flutterEmbedding"
49-->src\main\AndroidManifest.xml:27:13-44
50            android:value="2" />
50-->src\main\AndroidManifest.xml:28:13-30
51
52        <service
52-->[:firebase_auth] AndroidManifest.xml:8:9-12:19
53            android:name="com.google.firebase.components.ComponentDiscoveryService"
53-->[:firebase_auth] AndroidManifest.xml:8:18-89
54            android:directBootAware="true"
54-->[com.google.firebase:firebase-common:19.3.0] AndroidManifest.xml:34:13-43
55            android:exported="false" >
55-->[com.google.firebase:firebase-auth:19.2.0] AndroidManifest.xml:35:13-37
56            <meta-data
56-->[:firebase_auth] AndroidManifest.xml:9:13-11:85
57                android:name="com.google.firebase.components:io.flutter.plugins.firebaseauth.FlutterFirebaseAppRegistrar"
57-->[:firebase_auth] AndroidManifest.xml:10:17-122
58                android:value="com.google.firebase.components.ComponentRegistrar" />
58-->[:firebase_auth] AndroidManifest.xml:11:17-82
59            <meta-data
59-->[:cloud_firestore] AndroidManifest.xml:9:13-11:85
60                android:name="com.google.firebase.components:io.flutter.plugins.firebase.cloudfirestore.FlutterFirebaseAppRegistrar"
60-->[:cloud_firestore] AndroidManifest.xml:10:17-133
61                android:value="com.google.firebase.components.ComponentRegistrar" />
61-->[:cloud_firestore] AndroidManifest.xml:11:17-82
62            <meta-data
62-->[:firebase_core] AndroidManifest.xml:9:13-11:85
63                android:name="com.google.firebase.components:io.flutter.plugins.firebase.core.FlutterFirebaseAppRegistrar"
63-->[:firebase_core] AndroidManifest.xml:10:17-123
64                android:value="com.google.firebase.components.ComponentRegistrar" />
64-->[:firebase_core] AndroidManifest.xml:11:17-82
65            <meta-data
65-->[com.google.firebase:firebase-auth:19.2.0] AndroidManifest.xml:36:13-38:85
66                android:name="com.google.firebase.components:com.google.firebase.auth.FirebaseAuthRegistrar"
66-->[com.google.firebase:firebase-auth:19.2.0] AndroidManifest.xml:37:17-109
67                android:value="com.google.firebase.components.ComponentRegistrar" />
67-->[com.google.firebase:firebase-auth:19.2.0] AndroidManifest.xml:38:17-82
68            <meta-data
68-->[com.google.firebase:firebase-firestore:21.3.0] AndroidManifest.xml:20:13-22:85
69                android:name="com.google.firebase.components:com.google.firebase.firestore.FirestoreRegistrar"
69-->[com.google.firebase:firebase-firestore:21.3.0] AndroidManifest.xml:21:17-111
70                android:value="com.google.firebase.components.ComponentRegistrar" />
70-->[com.google.firebase:firebase-firestore:21.3.0] AndroidManifest.xml:22:17-82
71        </service>
72
73        <provider
73-->[:image_picker] AndroidManifest.xml:11:9-19:20
74            android:name="io.flutter.plugins.imagepicker.ImagePickerFileProvider"
74-->[:image_picker] AndroidManifest.xml:12:13-82
75            android:authorities="com.UEvenetTest.UEvent.flutter.image_provider"
75-->[:image_picker] AndroidManifest.xml:13:13-74
76            android:exported="false"
76-->[:image_picker] AndroidManifest.xml:14:13-37
77            android:grantUriPermissions="true" >
77-->[:image_picker] AndroidManifest.xml:15:13-47
78            <meta-data
78-->[:image_picker] AndroidManifest.xml:16:13-18:75
79                android:name="android.support.FILE_PROVIDER_PATHS"
79-->[:image_picker] AndroidManifest.xml:17:17-67
80                android:resource="@xml/flutter_image_picker_file_paths" />
80-->[:image_picker] AndroidManifest.xml:18:17-72
81        </provider>
82
83        <meta-data
83-->[com.firebaseui:firebase-ui-auth:6.2.0] AndroidManifest.xml:16:9-18:69
84            android:name="com.google.android.gms.version"
84-->[com.firebaseui:firebase-ui-auth:6.2.0] AndroidManifest.xml:17:13-58
85            android:value="@integer/google_play_services_version" />
85-->[com.firebaseui:firebase-ui-auth:6.2.0] AndroidManifest.xml:18:13-66
86        <meta-data
86-->[com.firebaseui:firebase-ui-auth:6.2.0] AndroidManifest.xml:19:9-21:63
87            android:name="com.facebook.sdk.ApplicationId"
87-->[com.firebaseui:firebase-ui-auth:6.2.0] AndroidManifest.xml:20:13-58
88            android:value="@string/facebook_application_id" />
88-->[com.firebaseui:firebase-ui-auth:6.2.0] AndroidManifest.xml:21:13-60
89
90        <activity
90-->[com.firebaseui:firebase-ui-auth:6.2.0] AndroidManifest.xml:23:9-27:61
91            android:name="com.firebase.ui.auth.KickoffActivity"
91-->[com.firebaseui:firebase-ui-auth:6.2.0] AndroidManifest.xml:24:13-64
92            android:exported="false"
92-->[com.firebaseui:firebase-ui-auth:6.2.0] AndroidManifest.xml:25:13-37
93            android:label=""
93-->[com.firebaseui:firebase-ui-auth:6.2.0] AndroidManifest.xml:26:13-29
94            android:theme="@style/FirebaseUI.Transparent" />
94-->[com.firebaseui:firebase-ui-auth:6.2.0] AndroidManifest.xml:27:13-58
95        <activity
95-->[com.firebaseui:firebase-ui-auth:6.2.0] AndroidManifest.xml:28:9-32:61
96            android:name="com.firebase.ui.auth.ui.idp.SingleSignInActivity"
96-->[com.firebaseui:firebase-ui-auth:6.2.0] AndroidManifest.xml:29:13-76
97            android:exported="false"
97-->[com.firebaseui:firebase-ui-auth:6.2.0] AndroidManifest.xml:30:13-37
98            android:label=""
98-->[com.firebaseui:firebase-ui-auth:6.2.0] AndroidManifest.xml:31:13-29
99            android:theme="@style/FirebaseUI.Transparent" />
99-->[com.firebaseui:firebase-ui-auth:6.2.0] AndroidManifest.xml:32:13-58
100        <activity
100-->[com.firebaseui:firebase-ui-auth:6.2.0] AndroidManifest.xml:33:9-37:61
101            android:name="com.firebase.ui.auth.ui.credentials.CredentialSaveActivity"
101-->[com.firebaseui:firebase-ui-auth:6.2.0] AndroidManifest.xml:34:13-86
102            android:exported="false"
102-->[com.firebaseui:firebase-ui-auth:6.2.0] AndroidManifest.xml:35:13-37
103            android:label=""
103-->[com.firebaseui:firebase-ui-auth:6.2.0] AndroidManifest.xml:36:13-29
104            android:theme="@style/FirebaseUI.Transparent" />
104-->[com.firebaseui:firebase-ui-auth:6.2.0] AndroidManifest.xml:37:13-58
105        <activity
105-->[com.firebaseui:firebase-ui-auth:6.2.0] AndroidManifest.xml:38:9-42:58
106            android:name="com.firebase.ui.auth.ui.email.RecoverPasswordActivity"
106-->[com.firebaseui:firebase-ui-auth:6.2.0] AndroidManifest.xml:39:13-81
107            android:exported="false"
107-->[com.firebaseui:firebase-ui-auth:6.2.0] AndroidManifest.xml:40:13-37
108            android:label="@string/fui_title_recover_password_activity"
108-->[com.firebaseui:firebase-ui-auth:6.2.0] AndroidManifest.xml:41:13-72
109            android:windowSoftInputMode="adjustResize" />
109-->[com.firebaseui:firebase-ui-auth:6.2.0] AndroidManifest.xml:42:13-55
110        <activity
110-->[com.firebaseui:firebase-ui-auth:6.2.0] AndroidManifest.xml:43:9-47:58
111            android:name="com.firebase.ui.auth.ui.email.EmailActivity"
111-->[com.firebaseui:firebase-ui-auth:6.2.0] AndroidManifest.xml:44:13-71
112            android:exported="false"
112-->[com.firebaseui:firebase-ui-auth:6.2.0] AndroidManifest.xml:45:13-37
113            android:label="@string/fui_sign_in_default"
113-->[com.firebaseui:firebase-ui-auth:6.2.0] AndroidManifest.xml:46:13-56
114            android:windowSoftInputMode="adjustResize" />
114-->[com.firebaseui:firebase-ui-auth:6.2.0] AndroidManifest.xml:47:13-55
115        <activity
115-->[com.firebaseui:firebase-ui-auth:6.2.0] AndroidManifest.xml:48:9-52:77
116            android:name="com.firebase.ui.auth.ui.phone.PhoneActivity"
116-->[com.firebaseui:firebase-ui-auth:6.2.0] AndroidManifest.xml:49:13-71
117            android:exported="false"
117-->[com.firebaseui:firebase-ui-auth:6.2.0] AndroidManifest.xml:50:13-37
118            android:label="@string/fui_sign_in_with_phone_number"
118-->[com.firebaseui:firebase-ui-auth:6.2.0] AndroidManifest.xml:51:13-66
119            android:windowSoftInputMode="adjustResize|stateAlwaysVisible" />
119-->[com.firebaseui:firebase-ui-auth:6.2.0] AndroidManifest.xml:52:13-74
120        <activity
120-->[com.firebaseui:firebase-ui-auth:6.2.0] AndroidManifest.xml:53:9-57:58
121            android:name="com.firebase.ui.auth.ui.idp.WelcomeBackIdpPrompt"
121-->[com.firebaseui:firebase-ui-auth:6.2.0] AndroidManifest.xml:54:13-76
122            android:exported="false"
122-->[com.firebaseui:firebase-ui-auth:6.2.0] AndroidManifest.xml:55:13-37
123            android:label="@string/fui_title_welcome_back_idp_prompt"
123-->[com.firebaseui:firebase-ui-auth:6.2.0] AndroidManifest.xml:56:13-70
124            android:windowSoftInputMode="adjustResize" />
124-->[com.firebaseui:firebase-ui-auth:6.2.0] AndroidManifest.xml:57:13-55
125        <activity
125-->[com.firebaseui:firebase-ui-auth:6.2.0] AndroidManifest.xml:58:9-62:58
126            android:name="com.firebase.ui.auth.ui.email.WelcomeBackPasswordPrompt"
126-->[com.firebaseui:firebase-ui-auth:6.2.0] AndroidManifest.xml:59:13-83
127            android:exported="false"
127-->[com.firebaseui:firebase-ui-auth:6.2.0] AndroidManifest.xml:60:13-37
128            android:label="@string/fui_title_welcome_back_password_prompt"
128-->[com.firebaseui:firebase-ui-auth:6.2.0] AndroidManifest.xml:61:13-75
129            android:windowSoftInputMode="adjustResize" />
129-->[com.firebaseui:firebase-ui-auth:6.2.0] AndroidManifest.xml:62:13-55
130        <activity
130-->[com.firebaseui:firebase-ui-auth:6.2.0] AndroidManifest.xml:63:9-67:58
131            android:name="com.firebase.ui.auth.ui.email.WelcomeBackEmailLinkPrompt"
131-->[com.firebaseui:firebase-ui-auth:6.2.0] AndroidManifest.xml:64:13-84
132            android:exported="false"
132-->[com.firebaseui:firebase-ui-auth:6.2.0] AndroidManifest.xml:65:13-37
133            android:label="@string/fui_title_welcome_back_password_prompt"
133-->[com.firebaseui:firebase-ui-auth:6.2.0] AndroidManifest.xml:66:13-75
134            android:windowSoftInputMode="adjustResize" />
134-->[com.firebaseui:firebase-ui-auth:6.2.0] AndroidManifest.xml:67:13-55
135        <activity
135-->[com.firebaseui:firebase-ui-auth:6.2.0] AndroidManifest.xml:68:9-73:58
136            android:name="com.firebase.ui.auth.ui.email.EmailLinkCatcherActivity"
136-->[com.firebaseui:firebase-ui-auth:6.2.0] AndroidManifest.xml:69:13-82
137            android:exported="false"
137-->[com.firebaseui:firebase-ui-auth:6.2.0] AndroidManifest.xml:70:13-37
138            android:label=""
138-->[com.firebaseui:firebase-ui-auth:6.2.0] AndroidManifest.xml:71:13-29
139            android:theme="@style/FirebaseUI.Transparent"
139-->[com.firebaseui:firebase-ui-auth:6.2.0] AndroidManifest.xml:72:13-58
140            android:windowSoftInputMode="adjustResize" />
140-->[com.firebaseui:firebase-ui-auth:6.2.0] AndroidManifest.xml:73:13-55
141        <activity
141-->[com.firebaseui:firebase-ui-auth:6.2.0] AndroidManifest.xml:74:9-78:58
142            android:name="com.firebase.ui.auth.ui.email.EmailLinkErrorRecoveryActivity"
142-->[com.firebaseui:firebase-ui-auth:6.2.0] AndroidManifest.xml:75:13-88
143            android:exported="false"
143-->[com.firebaseui:firebase-ui-auth:6.2.0] AndroidManifest.xml:76:13-37
144            android:label="@string/fui_sign_in_default"
144-->[com.firebaseui:firebase-ui-auth:6.2.0] AndroidManifest.xml:77:13-56
145            android:windowSoftInputMode="adjustResize" />
145-->[com.firebaseui:firebase-ui-auth:6.2.0] AndroidManifest.xml:78:13-55
146        <activity
146-->[com.firebaseui:firebase-ui-auth:6.2.0] AndroidManifest.xml:79:9-82:65
147            android:name="com.firebase.ui.auth.ui.idp.AuthMethodPickerActivity"
147-->[com.firebaseui:firebase-ui-auth:6.2.0] AndroidManifest.xml:80:13-80
148            android:exported="false"
148-->[com.firebaseui:firebase-ui-auth:6.2.0] AndroidManifest.xml:81:13-37
149            android:label="@string/fui_default_toolbar_title" />
149-->[com.firebaseui:firebase-ui-auth:6.2.0] AndroidManifest.xml:82:13-62
150        <activity
150-->[com.firebaseui:firebase-ui-auth:6.2.0] AndroidManifest.xml:83:9-87:48
151            android:name="com.facebook.FacebookActivity"
151-->[com.firebaseui:firebase-ui-auth:6.2.0] AndroidManifest.xml:84:13-57
152            android:configChanges="keyboard|keyboardHidden|screenLayout|screenSize|orientation"
152-->[com.firebaseui:firebase-ui-auth:6.2.0] AndroidManifest.xml:85:13-96
153            android:label="@string/app_name" />
153-->[com.firebaseui:firebase-ui-auth:6.2.0] AndroidManifest.xml:86:13-45
154        <activity
154-->[com.firebaseui:firebase-ui-auth:6.2.0] AndroidManifest.xml:88:9-100:20
155            android:name="com.facebook.CustomTabActivity"
155-->[com.firebaseui:firebase-ui-auth:6.2.0] AndroidManifest.xml:89:13-58
156            android:exported="true" >
156-->[com.firebaseui:firebase-ui-auth:6.2.0] AndroidManifest.xml:90:13-36
157            <intent-filter>
157-->[com.firebaseui:firebase-ui-auth:6.2.0] AndroidManifest.xml:92:13-99:29
158                <action android:name="android.intent.action.VIEW" />
158-->[com.firebaseui:firebase-ui-auth:6.2.0] AndroidManifest.xml:93:17-69
158-->[com.firebaseui:firebase-ui-auth:6.2.0] AndroidManifest.xml:93:25-66
159
160                <category android:name="android.intent.category.DEFAULT" />
160-->[com.firebaseui:firebase-ui-auth:6.2.0] AndroidManifest.xml:95:17-76
160-->[com.firebaseui:firebase-ui-auth:6.2.0] AndroidManifest.xml:95:27-73
161                <category android:name="android.intent.category.BROWSABLE" />
161-->[com.firebaseui:firebase-ui-auth:6.2.0] AndroidManifest.xml:96:17-78
161-->[com.firebaseui:firebase-ui-auth:6.2.0] AndroidManifest.xml:96:27-75
162
163                <data android:scheme="@string/facebook_login_protocol_scheme" />
163-->[com.firebaseui:firebase-ui-auth:6.2.0] AndroidManifest.xml:98:17-81
163-->[com.firebaseui:firebase-ui-auth:6.2.0] AndroidManifest.xml:98:23-78
164            </intent-filter>
165        </activity>
166
167        <provider
167-->[com.firebaseui:firebase-ui-auth:6.2.0] AndroidManifest.xml:102:9-106:38
168            android:name="com.firebase.ui.auth.data.client.AuthUiInitProvider"
168-->[com.firebaseui:firebase-ui-auth:6.2.0] AndroidManifest.xml:103:13-79
169            android:authorities="com.UEvenetTest.UEvent.authuiinitprovider"
169-->[com.firebaseui:firebase-ui-auth:6.2.0] AndroidManifest.xml:104:13-70
170            android:exported="false"
170-->[com.firebaseui:firebase-ui-auth:6.2.0] AndroidManifest.xml:105:13-37
171            android:initOrder="90" />
171-->[com.firebaseui:firebase-ui-auth:6.2.0] AndroidManifest.xml:106:13-35
172
173        <activity
173-->[com.google.firebase:firebase-auth:19.2.0] AndroidManifest.xml:24:9-31:50
174            android:name="com.google.firebase.auth.internal.FederatedSignInActivity"
174-->[com.google.firebase:firebase-auth:19.2.0] AndroidManifest.xml:25:13-85
175            android:excludeFromRecents="true"
175-->[com.google.firebase:firebase-auth:19.2.0] AndroidManifest.xml:26:13-46
176            android:exported="true"
176-->[com.google.firebase:firebase-auth:19.2.0] AndroidManifest.xml:27:13-36
177            android:launchMode="singleTask"
177-->[com.google.firebase:firebase-auth:19.2.0] AndroidManifest.xml:28:13-44
178            android:permission="com.google.firebase.auth.api.gms.permission.LAUNCH_FEDERATED_SIGN_IN"
178-->[com.google.firebase:firebase-auth:19.2.0] AndroidManifest.xml:29:13-102
179            android:theme="@android:style/Theme.Translucent.NoTitleBar" />
179-->[com.google.firebase:firebase-auth:19.2.0] AndroidManifest.xml:30:13-72
180        <activity
180-->[com.google.android.gms:play-services-auth:17.0.0] AndroidManifest.xml:23:9-27:75
181            android:name="com.google.android.gms.auth.api.signin.internal.SignInHubActivity"
181-->[com.google.android.gms:play-services-auth:17.0.0] AndroidManifest.xml:24:13-93
182            android:excludeFromRecents="true"
182-->[com.google.android.gms:play-services-auth:17.0.0] AndroidManifest.xml:25:13-46
183            android:exported="false"
183-->[com.google.android.gms:play-services-auth:17.0.0] AndroidManifest.xml:26:13-37
184            android:theme="@android:style/Theme.Translucent.NoTitleBar" />
184-->[com.google.android.gms:play-services-auth:17.0.0] AndroidManifest.xml:27:13-72
185        <!--
186            Service handling Google Sign-In user revocation. For apps that do not integrate with
187            Google Sign-In, this service will never be started.
188        -->
189        <service
189-->[com.google.android.gms:play-services-auth:17.0.0] AndroidManifest.xml:33:9-36:110
190            android:name="com.google.android.gms.auth.api.signin.RevocationBoundService"
190-->[com.google.android.gms:play-services-auth:17.0.0] AndroidManifest.xml:34:13-89
191            android:exported="true"
191-->[com.google.android.gms:play-services-auth:17.0.0] AndroidManifest.xml:35:13-36
192            android:permission="com.google.android.gms.auth.api.signin.permission.REVOCATION_NOTIFICATION" />
192-->[com.google.android.gms:play-services-auth:17.0.0] AndroidManifest.xml:36:13-107
193
194        <activity
194-->[com.google.android.gms:play-services-base:17.1.0] AndroidManifest.xml:23:9-26:75
195            android:name="com.google.android.gms.common.api.GoogleApiActivity"
195-->[com.google.android.gms:play-services-base:17.1.0] AndroidManifest.xml:24:13-79
196            android:exported="false"
196-->[com.google.android.gms:play-services-base:17.1.0] AndroidManifest.xml:25:13-37
197            android:theme="@android:style/Theme.Translucent.NoTitleBar" />
197-->[com.google.android.gms:play-services-base:17.1.0] AndroidManifest.xml:26:13-72
198
199        <provider
199-->[com.google.firebase:firebase-common:19.3.0] AndroidManifest.xml:26:9-30:39
200            android:name="com.google.firebase.provider.FirebaseInitProvider"
200-->[com.google.firebase:firebase-common:19.3.0] AndroidManifest.xml:27:13-77
201            android:authorities="com.UEvenetTest.UEvent.firebaseinitprovider"
201-->[com.google.firebase:firebase-common:19.3.0] AndroidManifest.xml:28:13-72
202            android:exported="false"
202-->[com.google.firebase:firebase-common:19.3.0] AndroidManifest.xml:29:13-37
203            android:initOrder="100" />
203-->[com.google.firebase:firebase-common:19.3.0] AndroidManifest.xml:30:13-36
204        <provider
204-->[androidx.lifecycle:lifecycle-process:2.1.0] AndroidManifest.xml:23:9-27:43
205            android:name="androidx.lifecycle.ProcessLifecycleOwnerInitializer"
205-->[androidx.lifecycle:lifecycle-process:2.1.0] AndroidManifest.xml:24:13-79
206            android:authorities="com.UEvenetTest.UEvent.lifecycle-process"
206-->[androidx.lifecycle:lifecycle-process:2.1.0] AndroidManifest.xml:25:13-69
207            android:exported="false"
207-->[androidx.lifecycle:lifecycle-process:2.1.0] AndroidManifest.xml:26:13-37
208            android:multiprocess="true" />
208-->[androidx.lifecycle:lifecycle-process:2.1.0] AndroidManifest.xml:27:13-40
209    </application>
210
211</manifest>